<?xml version="1.0" encoding="UTF-8"?>
<!-- Generated by org.testng.reporters.JUnitXMLReporter -->
<testsuite ignored="0" hostname="DESKTOP-0C1HTAU" failures="1" tests="2" name="Test" time="25.155" errors="0" timestamp="26 Jan 2023 13:54:45 GMT">
  <testcase classname="cucumber.api.testng.AbstractTestNGCucumberTests" name="runScenario" time="20.329"/>
  <testcase classname="cucumber.api.testng.AbstractTestNGCucumberTests" name="runScenario" time="4.285">
    <failure type="java.lang.AssertionError" message="expected [vasu] but found [HRMS-Login]">
      <![CDATA[java.lang.AssertionError: expected [vasu] but found [HRMS-Login]
at com.testautomation.Stepdef.loginPage.verify_page_title(loginPage.java:36)
at âœ½.verify page title(./features/logInPage.feature:13)
... Removed 6 stack frames]]>
    </failure>
  </testcase> <!-- runScenario -->
</testsuite> <!-- Test -->
