<?xml version="1.0" encoding="UTF-8"?>
<!-- Generated by org.testng.reporters.JUnitReportReporter -->
<testsuite skipped="0" hostname="DESKTOP-0C1HTAU" name="com.testautomation.TestRunner.TestRunner4" tests="2" failures="1" timestamp="25 Jan 2023 11:49:32 GMT" time="24.356" errors="0">
  <testcase name="runScenario" time="5.016" classname="com.testautomation.TestRunner.TestRunner4"/>
  <testcase name="runScenario" time="19.340" classname="com.testautomation.TestRunner.TestRunner4">
    <failure type="java.lang.AssertionError" message="expected [vasu] but found [HRMS-Login]">
      <![CDATA[java.lang.AssertionError: expected [vasu] but found [HRMS-Login]
at org.testng.Assert.fail(Assert.java:96)
at org.testng.Assert.failNotEquals(Assert.java:776)
at org.testng.Assert.assertEqualsImpl(Assert.java:137)
at org.testng.Assert.assertEquals(Assert.java:118)
at org.testng.Assert.assertEquals(Assert.java:453)
at org.testng.Assert.assertEquals(Assert.java:463)
at com.testautomation.Stepdef.loginPages.verify_page_titles(loginPages.java:36)
at âœ½.verify page titles(./features/suite2/logInPages.feature:15)
]]>
    </failure>
  </testcase> <!-- runScenario -->
</testsuite> <!-- com.testautomation.TestRunner.TestRunner4 -->
