<?xml version="1.0" encoding="UTF-8"?>
<!-- Generated by org.testng.reporters.JUnitReportReporter -->
<testsuite hostname="DESKTOP-0C1HTAU" failures="1" tests="2" name="com.testautomation.TestRunner.TestRunner2" time="24.614" errors="0" timestamp="26 Jan 2023 13:54:45 GMT" skipped="0">
  <testcase classname="com.testautomation.TestRunner.TestRunner2" name="runScenario" time="20.329"/>
  <testcase classname="com.testautomation.TestRunner.TestRunner2" name="runScenario" time="4.285">
    <failure message="expected [vasu] but found [HRMS-Login]" type="java.lang.AssertionError">
      <![CDATA[java.lang.AssertionError: expected [vasu] but found [HRMS-Login]
at org.testng.Assert.fail(Assert.java:96)
at org.testng.Assert.failNotEquals(Assert.java:776)
at org.testng.Assert.assertEqualsImpl(Assert.java:137)
at org.testng.Assert.assertEquals(Assert.java:118)
at org.testng.Assert.assertEquals(Assert.java:453)
at org.testng.Assert.assertEquals(Assert.java:463)
at com.testautomation.Stepdef.loginPage.verify_page_title(loginPage.java:36)
at âœ½.verify page title(./features/logInPage.feature:13)
]]>
    </failure>
  </testcase> <!-- runScenario -->
</testsuite> <!-- com.testautomation.TestRunner.TestRunner2 -->
